<?xml version="1.0" encoding="UTF-8"?>
<!-- Generated by org.testng.reporters.JUnitReportReporter -->
<testsuite skipped="0" hostname="DESKTOP-6G7BUL3" name="test.LoginTest" tests="4" failures="0" timestamp="11 Mar 2017 15:23:49 GMT" time="0.038" errors="0">
  <testcase name="Check" time="0.002" classname="test.LoginTest"/>
  <testcase name="Check" time="0.026" classname="test.LoginTest"/>
  <testcase name="Check" time="0.007" classname="test.LoginTest"/>
  <testcase name="Check" time="0.003" classname="test.LoginTest"/>
</testsuite> <!-- test.LoginTest -->
