<?xml version="1.0" encoding="UTF-8"?>
<!-- Generated by org.testng.reporters.JUnitReportReporter -->
<testsuite skipped="0" hostname="DESKTOP-6G7BUL3" name="test.AccountTest" tests="3" failures="0" timestamp="11 Mar 2017 15:23:37 GMT" time="0.015" errors="0">
  <testcase name="accountTest" time="0.011" classname="test.AccountTest"/>
  <testcase name="accountTest" time="0.002" classname="test.AccountTest"/>
  <testcase name="accountTest" time="0.002" classname="test.AccountTest"/>
</testsuite> <!-- test.AccountTest -->
