<?xml version="1.0" encoding="UTF-8"?>
<!-- Generated by org.testng.reporters.JUnitReportReporter -->
<testsuite skipped="0" hostname="DESKTOP-NTJ7M69" name="test.RegisterTest" tests="5" failures="0" timestamp="11 Mar 2017 16:39:33 GMT" time="0.023" errors="0">
  <testcase name="RegisterTestme" time="0.000" classname="test.RegisterTest"/>
  <testcase name="RegisterTestme" time="0.001" classname="test.RegisterTest"/>
  <testcase name="RegisterTestme" time="0.020" classname="test.RegisterTest"/>
  <testcase name="RegisterTestme" time="0.001" classname="test.RegisterTest"/>
  <testcase name="RegisterTestme" time="0.001" classname="test.RegisterTest"/>
</testsuite> <!-- test.RegisterTest -->
