<?xml version="1.0" encoding="UTF-8"?>
<!-- Generated by org.testng.reporters.JUnitReportReporter -->
<testsuite skipped="0" hostname="DESKTOP-NTJ7M69" name="test.gameTest" tests="12" failures="0" timestamp="11 Mar 2017 16:46:38 GMT" time="0.020" errors="0">
  <testcase name="SaveCheckGameTest" time="0.001" classname="test.gameTest"/>
  <testcase name="SaveMCQGameTest" time="0.001" classname="test.gameTest"/>
  <testcase name="SaveCheckGameTest" time="0.002" classname="test.gameTest"/>
  <testcase name="SaveMCQGameTest" time="0.001" classname="test.gameTest"/>
  <testcase name="SaveCheckGameTest" time="0.001" classname="test.gameTest"/>
  <testcase name="SaveMCQGameTest" time="0.001" classname="test.gameTest"/>
  <testcase name="SaveCheckGameTest" time="0.000" classname="test.gameTest"/>
  <testcase name="SaveMCQGameTest" time="0.002" classname="test.gameTest"/>
  <testcase name="SaveMCQGameTest" time="0.001" classname="test.gameTest"/>
  <testcase name="SaveMCQGameTest" time="0.001" classname="test.gameTest"/>
  <testcase name="SaveCheckGameTest" time="0.001" classname="test.gameTest"/>
  <testcase name="SaveCheckGameTest" time="0.008" classname="test.gameTest"/>
</testsuite> <!-- test.gameTest -->
