<?xml version="1.0" encoding="UTF-8"?>
<!-- Generated by org.testng.reporters.JUnitReportReporter -->
<testsuite hostname="DESKTOP-6G7BUL3" name="play_and_learn.Testcourse" tests="8" failures="0" timestamp="30 Apr 2017 21:55:43 GMT" time="0.645" errors="0">
  <testcase name="f" time="0.039" classname="play_and_learn.Testcourse"/>
  <testcase name="f" time="0.036" classname="play_and_learn.Testcourse"/>
  <testcase name="f1" time="0.021" classname="play_and_learn.Testcourse"/>
  <testcase name="f1" time="0.073" classname="play_and_learn.Testcourse"/>
  <testcase name="f1" time="0.019" classname="play_and_learn.Testcourse"/>
  <testcase name="f" time="0.335" classname="play_and_learn.Testcourse"/>
  <testcase name="f1" time="0.060" classname="play_and_learn.Testcourse"/>
  <testcase name="f" time="0.062" classname="play_and_learn.Testcourse"/>
</testsuite> <!-- play_and_learn.Testcourse -->
