<?xml version="1.0" encoding="UTF-8"?>
<!-- Generated by org.testng.reporters.JUnitReportReporter -->
<testsuite hostname="DESKTOP-6G7BUL3" name="play_and_learn.TestAccount" tests="14" failures="0" timestamp="20 May 2017 13:23:59 GMT" time="0.707" errors="0">
  <testcase name="f" time="0.031" classname="play_and_learn.TestAccount"/>
  <testcase name="f" time="0.032" classname="play_and_learn.TestAccount"/>
  <testcase name="f2" time="0.014" classname="play_and_learn.TestAccount"/>
  <testcase name="f2" time="0.020" classname="play_and_learn.TestAccount"/>
  <testcase name="f2" time="0.005" classname="play_and_learn.TestAccount"/>
  <testcase name="f1" time="0.025" classname="play_and_learn.TestAccount"/>
  <testcase name="f" time="0.327" classname="play_and_learn.TestAccount"/>
  <testcase name="f" time="0.026" classname="play_and_learn.TestAccount"/>
  <testcase name="f2" time="0.017" classname="play_and_learn.TestAccount"/>
  <testcase name="f1" time="0.045" classname="play_and_learn.TestAccount"/>
  <testcase name="f1" time="0.123" classname="play_and_learn.TestAccount"/>
  <testcase name="f2" time="0.004" classname="play_and_learn.TestAccount"/>
  <testcase name="f1" time="0.027" classname="play_and_learn.TestAccount"/>
  <testcase name="f2" time="0.011" classname="play_and_learn.TestAccount"/>
</testsuite> <!-- play_and_learn.TestAccount -->
