<?xml version="1.0" encoding="UTF-8"?>
<!-- Generated by org.testng.reporters.JUnitReportReporter -->
<testsuite hostname="DESKTOP-6G7BUL3" name="play_and_learn.Testcourse" tests="8" failures="0" timestamp="30 Apr 2017 15:54:15 GMT" time="0.606" errors="0">
  <testcase name="f" time="0.038" classname="play_and_learn.Testcourse"/>
  <testcase name="f1" time="0.028" classname="play_and_learn.Testcourse"/>
  <testcase name="f" time="0.025" classname="play_and_learn.Testcourse"/>
  <testcase name="f" time="0.046" classname="play_and_learn.Testcourse"/>
  <testcase name="f" time="0.374" classname="play_and_learn.Testcourse"/>
  <testcase name="f1" time="0.013" classname="play_and_learn.Testcourse"/>
  <testcase name="f1" time="0.062" classname="play_and_learn.Testcourse"/>
  <testcase name="f1" time="0.020" classname="play_and_learn.Testcourse"/>
</testsuite> <!-- play_and_learn.Testcourse -->
