<?xml version="1.0" encoding="UTF-8"?>
<!-- Generated by org.testng.reporters.JUnitReportReporter -->
<testsuite hostname="DESKTOP-6G7BUL3" name="play_and_learn.TestAccount" tests="14" failures="0" timestamp="30 Apr 2017 21:56:00 GMT" time="0.695" errors="0">
  <testcase name="f2" time="0.006" classname="play_and_learn.TestAccount"/>
  <testcase name="f2" time="0.005" classname="play_and_learn.TestAccount"/>
  <testcase name="f2" time="0.006" classname="play_and_learn.TestAccount"/>
  <testcase name="f" time="0.366" classname="play_and_learn.TestAccount"/>
  <testcase name="f2" time="0.006" classname="play_and_learn.TestAccount"/>
  <testcase name="f" time="0.031" classname="play_and_learn.TestAccount"/>
  <testcase name="f1" time="0.034" classname="play_and_learn.TestAccount"/>
  <testcase name="f1" time="0.027" classname="play_and_learn.TestAccount"/>
  <testcase name="f2" time="0.008" classname="play_and_learn.TestAccount"/>
  <testcase name="f2" time="0.005" classname="play_and_learn.TestAccount"/>
  <testcase name="f" time="0.036" classname="play_and_learn.TestAccount"/>
  <testcase name="f1" time="0.027" classname="play_and_learn.TestAccount"/>
  <testcase name="f" time="0.044" classname="play_and_learn.TestAccount"/>
  <testcase name="f1" time="0.094" classname="play_and_learn.TestAccount"/>
</testsuite> <!-- play_and_learn.TestAccount -->
