<?xml version="1.0" encoding="UTF-8"?>
<!-- Generated by org.testng.reporters.JUnitReportReporter -->
<testsuite hostname="DESKTOP-6G7BUL3" name="play_and_learn.TestAccount" tests="14" failures="0" timestamp="30 Apr 2017 00:01:35 GMT" time="0.581" errors="0">
  <testcase name="f2" time="0.007" classname="play_and_learn.TestAccount"/>
  <testcase name="f" time="0.030" classname="play_and_learn.TestAccount"/>
  <testcase name="f" time="0.026" classname="play_and_learn.TestAccount"/>
  <testcase name="f2" time="0.009" classname="play_and_learn.TestAccount"/>
  <testcase name="f2" time="0.014" classname="play_and_learn.TestAccount"/>
  <testcase name="f1" time="0.023" classname="play_and_learn.TestAccount"/>
  <testcase name="f1" time="0.077" classname="play_and_learn.TestAccount"/>
  <testcase name="f1" time="0.020" classname="play_and_learn.TestAccount"/>
  <testcase name="f1" time="0.027" classname="play_and_learn.TestAccount"/>
  <testcase name="f2" time="0.008" classname="play_and_learn.TestAccount"/>
  <testcase name="f" time="0.033" classname="play_and_learn.TestAccount"/>
  <testcase name="f" time="0.294" classname="play_and_learn.TestAccount"/>
  <testcase name="f2" time="0.007" classname="play_and_learn.TestAccount"/>
  <testcase name="f2" time="0.006" classname="play_and_learn.TestAccount"/>
</testsuite> <!-- play_and_learn.TestAccount -->
